# JRE version: OpenJDK Runtime Environment Temurin-21.0.6+7 (21.0.6+7) (build 21.0.6+7-LTS)
# Java VM: OpenJDK 64-Bit Server VM Temurin-21.0.6+7 (21.0.6+7-LTS, mixed mode, sharing, tiered, compressed oops, compressed class ptrs, parallel gc, windows-amd64)
GC Precious Log:
 CardTable entry size: 512
 CPUs: 8 total, 8 available
 Memory: 16165M
 Large Page Support: Disabled
 NUMA Support: Disabled
 Compressed Oops: Enabled (32-bit)
 Alignments: Space 512K, Generation 512K, Heap 2M
 Heap Min Capacity: 100M
 Heap Initial Capacity: 100M
 Heap Max Capacity: 1G
 Pre-touch: Disabled
 Parallel Workers: 8
Heap:
 PSYoungGen      total 3584K, used 3346K [0x00000000eab00000, 0x00000000eaf80000, 0x0000000100000000)
  eden space 2560K, 100% used [0x00000000eab00000,0x00000000ead80000,0x00000000ead80000)
  from space 1024K, 76% used [0x00000000ead80000,0x00000000eae449e0,0x00000000eae80000)
  to   space 1024K, 65% used [0x00000000eae80000,0x00000000eaf27d00,0x00000000eaf80000)
 ParOldGen       total 222720K, used 222288K [0x00000000c0000000, 0x00000000cd980000, 0x00000000eab00000)
  object space 222720K, 99% used [0x00000000c0000000,0x00000000cd914218,0x00000000cd980000)
 Metaspace       used 57058K, committed 58304K, reserved 1114112K
  class space    used 5794K, committed 6336K, reserved 1048576K
GC Heap History (20 events):
Event: 23.048 GC heap after
{Heap after GC invocations=227 (full 2):
 PSYoungGen      total 3584K, used 672K [0x00000000eab00000, 0x00000000eaf80000, 0x0000000100000000)
  eden space 2560K, 0% used [0x00000000eab00000,0x00000000eab00000,0x00000000ead80000)
  from space 1024K, 65% used [0x00000000ead80000,0x00000000eae28000,0x00000000eae80000)
  to   space 1024K, 0% used [0x00000000eae80000,0x00000000eae80000,0x00000000eaf80000)
 ParOldGen       total 217600K, used 217484K [0x00000000c0000000, 0x00000000cd480000, 0x00000000eab00000)
  object space 217600K, 99% used [0x00000000c0000000,0x00000000cd463208,0x00000000cd480000)
 Metaspace       used 56835K, committed 58048K, reserved 1114112K
  class space    used 5780K, committed 6336K, reserved 1048576K
}
Event: 23.068 GC heap before
{Heap before GC invocations=228 (full 2):
 PSYoungGen      total 3584K, used 3232K [0x00000000eab00000, 0x00000000eaf80000, 0x0000000100000000)
  eden space 2560K, 100% used [0x00000000eab00000,0x00000000ead80000,0x00000000ead80000)
  from space 1024K, 65% used [0x00000000ead80000,0x00000000eae28000,0x00000000eae80000)
  to   space 1024K, 0% used [0x00000000eae80000,0x00000000eae80000,0x00000000eaf80000)
 ParOldGen       total 217600K, used 217484K [0x00000000c0000000, 0x00000000cd480000, 0x00000000eab00000)
  object space 217600K, 99% used [0x00000000c0000000,0x00000000cd463208,0x00000000cd480000)
 Metaspace       used 56858K, committed 58048K, reserved 1114112K
  class space    used 5780K, committed 6336K, reserved 1048576K
}
Event: 23.071 GC heap after
{Heap after GC invocations=228 (full 2):
 PSYoungGen      total 3584K, used 655K [0x00000000eab00000, 0x00000000eaf80000, 0x0000000100000000)
  eden space 2560K, 0% used [0x00000000eab00000,0x00000000eab00000,0x00000000ead80000)
  from space 1024K, 64% used [0x00000000eae80000,0x00000000eaf23d78,0x00000000eaf80000)
  to   space 1024K, 0% used [0x00000000ead80000,0x00000000ead80000,0x00000000eae80000)
 ParOldGen       total 218112K, used 218031K [0x00000000c0000000, 0x00000000cd500000, 0x00000000eab00000)
  object space 218112K, 99% used [0x00000000c0000000,0x00000000cd4ebdd8,0x00000000cd500000)
 Metaspace       used 56858K, committed 58048K, reserved 1114112K
  class space    used 5780K, committed 6336K, reserved 1048576K
}
Event: 23.082 GC heap before
{Heap before GC invocations=229 (full 2):
 PSYoungGen      total 3584K, used 3215K [0x00000000eab00000, 0x00000000eaf80000, 0x0000000100000000)
  eden space 2560K, 100% used [0x00000000eab00000,0x00000000ead80000,0x00000000ead80000)
  from space 1024K, 64% used [0x00000000eae80000,0x00000000eaf23d78,0x00000000eaf80000)
  to   space 1024K, 0% used [0x00000000ead80000,0x00000000ead80000,0x00000000eae80000)
 ParOldGen       total 218112K, used 218031K [0x00000000c0000000, 0x00000000cd500000, 0x00000000eab00000)
  object space 218112K, 99% used [0x00000000c0000000,0x00000000cd4ebdd8,0x00000000cd500000)
 Metaspace       used 56864K, committed 58048K, reserved 1114112K
  class space    used 5780K, committed 6336K, reserved 1048576K
}
Event: 23.084 GC heap after
{Heap after GC invocations=229 (full 2):
 PSYoungGen      total 3584K, used 642K [0x00000000eab00000, 0x00000000eaf80000, 0x0000000100000000)
  eden space 2560K, 0% used [0x00000000eab00000,0x00000000eab00000,0x00000000ead80000)
  from space 1024K, 62% used [0x00000000ead80000,0x00000000eae20b38,0x00000000eae80000)
  to   space 1024K, 0% used [0x00000000eae80000,0x00000000eae80000,0x00000000eaf80000)
 ParOldGen       total 218624K, used 218591K [0x00000000c0000000, 0x00000000cd580000, 0x00000000eab00000)
  object space 218624K, 99% used [0x00000000c0000000,0x00000000cd577e50,0x00000000cd580000)
 Metaspace       used 56864K, committed 58048K, reserved 1114112K
  class space    used 5780K, committed 6336K, reserved 1048576K
}
Event: 23.100 GC heap before
{Heap before GC invocations=230 (full 2):
 PSYoungGen      total 3584K, used 3202K [0x00000000eab00000, 0x00000000eaf80000, 0x0000000100000000)
  eden space 2560K, 100% used [0x00000000eab00000,0x00000000ead80000,0x00000000ead80000)
  from space 1024K, 62% used [0x00000000ead80000,0x00000000eae20b38,0x00000000eae80000)
  to   space 1024K, 0% used [0x00000000eae80000,0x00000000eae80000,0x00000000eaf80000)
 ParOldGen       total 218624K, used 218591K [0x00000000c0000000, 0x00000000cd580000, 0x00000000eab00000)
  object space 218624K, 99% used [0x00000000c0000000,0x00000000cd577e50,0x00000000cd580000)
 Metaspace       used 56872K, committed 58048K, reserved 1114112K
  class space    used 5782K, committed 6336K, reserved 1048576K
}
Event: 23.101 GC heap after
{Heap after GC invocations=230 (full 2):
 PSYoungGen      total 3584K, used 659K [0x00000000eab00000, 0x00000000eaf80000, 0x0000000100000000)
  eden space 2560K, 0% used [0x00000000eab00000,0x00000000eab00000,0x00000000ead80000)
  from space 1024K, 64% used [0x00000000eae80000,0x00000000eaf24e18,0x00000000eaf80000)
  to   space 1024K, 0% used [0x00000000ead80000,0x00000000ead80000,0x00000000eae80000)
 ParOldGen       total 219136K, used 219121K [0x00000000c0000000, 0x00000000cd600000, 0x00000000eab00000)
  object space 219136K, 99% used [0x00000000c0000000,0x00000000cd5fc6f8,0x00000000cd600000)
 Metaspace       used 56872K, committed 58048K, reserved 1114112K
  class space    used 5782K, committed 6336K, reserved 1048576K
}
Event: 23.121 GC heap before
{Heap before GC invocations=231 (full 2):
 PSYoungGen      total 3584K, used 3219K [0x00000000eab00000, 0x00000000eaf80000, 0x0000000100000000)
  eden space 2560K, 100% used [0x00000000eab00000,0x00000000ead80000,0x00000000ead80000)
  from space 1024K, 64% used [0x00000000eae80000,0x00000000eaf24e18,0x00000000eaf80000)
  to   space 1024K, 0% used [0x00000000ead80000,0x00000000ead80000,0x00000000eae80000)
 ParOldGen       total 219136K, used 219121K [0x00000000c0000000, 0x00000000cd600000, 0x00000000eab00000)
  object space 219136K, 99% used [0x00000000c0000000,0x00000000cd5fc6f8,0x00000000cd600000)
 Metaspace       used 56894K, committed 58112K, reserved 1114112K
  class space    used 5782K, committed 6336K, reserved 1048576K
}
Event: 23.123 GC heap after
{Heap after GC invocations=231 (full 2):
 PSYoungGen      total 3584K, used 628K [0x00000000eab00000, 0x00000000eaf80000, 0x0000000100000000)
  eden space 2560K, 0% used [0x00000000eab00000,0x00000000eab00000,0x00000000ead80000)
  from space 1024K, 61% used [0x00000000ead80000,0x00000000eae1d068,0x00000000eae80000)
  to   space 1024K, 0% used [0x00000000eae80000,0x00000000eae80000,0x00000000eaf80000)
 ParOldGen       total 219648K, used 219630K [0x00000000c0000000, 0x00000000cd680000, 0x00000000eab00000)
  object space 219648K, 99% used [0x00000000c0000000,0x00000000cd67b940,0x00000000cd680000)
 Metaspace       used 56894K, committed 58112K, reserved 1114112K
  class space    used 5782K, committed 6336K, reserved 1048576K
}
Event: 23.138 GC heap before
{Heap before GC invocations=232 (full 2):
 PSYoungGen      total 3584K, used 3144K [0x00000000eab00000, 0x00000000eaf80000, 0x0000000100000000)
  eden space 2560K, 98% used [0x00000000eab00000,0x00000000ead75380,0x00000000ead80000)
  from space 1024K, 61% used [0x00000000ead80000,0x00000000eae1d068,0x00000000eae80000)
  to   space 1024K, 0% used [0x00000000eae80000,0x00000000eae80000,0x00000000eaf80000)
 ParOldGen       total 219648K, used 219630K [0x00000000c0000000, 0x00000000cd680000, 0x00000000eab00000)
  object space 219648K, 99% used [0x00000000c0000000,0x00000000cd67b940,0x00000000cd680000)
 Metaspace       used 56914K, committed 58112K, reserved 1114112K
  class space    used 5782K, committed 6336K, reserved 1048576K
}
Event: 23.140 GC heap after
{Heap after GC invocations=232 (full 2):
 PSYoungGen      total 3584K, used 716K [0x00000000eab00000, 0x00000000eaf80000, 0x0000000100000000)
  eden space 2560K, 0% used [0x00000000eab00000,0x00000000eab00000,0x00000000ead80000)
  from space 1024K, 70% used [0x00000000eae80000,0x00000000eaf333c8,0x00000000eaf80000)
  to   space 1024K, 0% used [0x00000000ead80000,0x00000000ead80000,0x00000000eae80000)
 ParOldGen       total 220160K, used 220154K [0x00000000c0000000, 0x00000000cd700000, 0x00000000eab00000)
  object space 220160K, 99% used [0x00000000c0000000,0x00000000cd6fe868,0x00000000cd700000)
 Metaspace       used 56914K, committed 58112K, reserved 1114112K
  class space    used 5782K, committed 6336K, reserved 1048576K
}
Event: 23.151 GC heap before
{Heap before GC invocations=233 (full 2):
 PSYoungGen      total 3584K, used 3276K [0x00000000eab00000, 0x00000000eaf80000, 0x0000000100000000)
  eden space 2560K, 100% used [0x00000000eab00000,0x00000000ead80000,0x00000000ead80000)
  from space 1024K, 70% used [0x00000000eae80000,0x00000000eaf333c8,0x00000000eaf80000)
  to   space 1024K, 0% used [0x00000000ead80000,0x00000000ead80000,0x00000000eae80000)
 ParOldGen       total 220160K, used 220154K [0x00000000c0000000, 0x00000000cd700000, 0x00000000eab00000)
  object space 220160K, 99% used [0x00000000c0000000,0x00000000cd6fe868,0x00000000cd700000)
 Metaspace       used 56962K, committed 58176K, reserved 1114112K
  class space    used 5786K, committed 6336K, reserved 1048576K
}
Event: 23.155 GC heap after
{Heap after GC invocations=233 (full 2):
 PSYoungGen      total 3584K, used 822K [0x00000000eab00000, 0x00000000eaf80000, 0x0000000100000000)
  eden space 2560K, 0% used [0x00000000eab00000,0x00000000eab00000,0x00000000ead80000)
  from space 1024K, 80% used [0x00000000ead80000,0x00000000eae4db08,0x00000000eae80000)
  to   space 1024K, 0% used [0x00000000eae80000,0x00000000eae80000,0x00000000eaf80000)
 ParOldGen       total 221184K, used 220701K [0x00000000c0000000, 0x00000000cd800000, 0x00000000eab00000)
  object space 221184K, 99% used [0x00000000c0000000,0x00000000cd787530,0x00000000cd800000)
 Metaspace       used 56962K, committed 58176K, reserved 1114112K
  class space    used 5786K, committed 6336K, reserved 1048576K
}
Event: 23.172 GC heap before
{Heap before GC invocations=234 (full 2):
 PSYoungGen      total 3584K, used 3382K [0x00000000eab00000, 0x00000000eaf80000, 0x0000000100000000)
  eden space 2560K, 100% used [0x00000000eab00000,0x00000000ead80000,0x00000000ead80000)
  from space 1024K, 80% used [0x00000000ead80000,0x00000000eae4db08,0x00000000eae80000)
  to   space 1024K, 0% used [0x00000000eae80000,0x00000000eae80000,0x00000000eaf80000)
 ParOldGen       total 221184K, used 220701K [0x00000000c0000000, 0x00000000cd800000, 0x00000000eab00000)
  object space 221184K, 99% used [0x00000000c0000000,0x00000000cd787530,0x00000000cd800000)
 Metaspace       used 57006K, committed 58240K, reserved 1114112K
  class space    used 5792K, committed 6336K, reserved 1048576K
}
Event: 23.176 GC heap after
{Heap after GC invocations=234 (full 2):
 PSYoungGen      total 3584K, used 672K [0x00000000eab00000, 0x00000000eaf80000, 0x0000000100000000)
  eden space 2560K, 0% used [0x00000000eab00000,0x00000000eab00000,0x00000000ead80000)
  from space 1024K, 65% used [0x00000000eae80000,0x00000000eaf28000,0x00000000eaf80000)
  to   space 1024K, 0% used [0x00000000ead80000,0x00000000ead80000,0x00000000eae80000)
 ParOldGen       total 221696K, used 221408K [0x00000000c0000000, 0x00000000cd880000, 0x00000000eab00000)
  object space 221696K, 99% used [0x00000000c0000000,0x00000000cd838198,0x00000000cd880000)
 Metaspace       used 57006K, committed 58240K, reserved 1114112K
  class space    used 5792K, committed 6336K, reserved 1048576K
}
Event: 23.189 GC heap before
{Heap before GC invocations=235 (full 2):
 PSYoungGen      total 3584K, used 3223K [0x00000000eab00000, 0x00000000eaf80000, 0x0000000100000000)
  eden space 2560K, 99% used [0x00000000eab00000,0x00000000ead7dfa0,0x00000000ead80000)
  from space 1024K, 65% used [0x00000000eae80000,0x00000000eaf28000,0x00000000eaf80000)
  to   space 1024K, 0% used [0x00000000ead80000,0x00000000ead80000,0x00000000eae80000)
 ParOldGen       total 221696K, used 221408K [0x00000000c0000000, 0x00000000cd880000, 0x00000000eab00000)
  object space 221696K, 99% used [0x00000000c0000000,0x00000000cd838198,0x00000000cd880000)
 Metaspace       used 57039K, committed 58304K, reserved 1114112K
  class space    used 5793K, committed 6336K, reserved 1048576K
}
Event: 23.192 GC heap after
{Heap after GC invocations=235 (full 2):
 PSYoungGen      total 3584K, used 786K [0x00000000eab00000, 0x00000000eaf80000, 0x0000000100000000)
  eden space 2560K, 0% used [0x00000000eab00000,0x00000000eab00000,0x00000000ead80000)
  from space 1024K, 76% used [0x00000000ead80000,0x00000000eae449e0,0x00000000eae80000)
  to   space 1024K, 0% used [0x00000000eae80000,0x00000000eae80000,0x00000000eaf80000)
 ParOldGen       total 222208K, used 221964K [0x00000000c0000000, 0x00000000cd900000, 0x00000000eab00000)
  object space 222208K, 99% used [0x00000000c0000000,0x00000000cd8c30d0,0x00000000cd900000)
 Metaspace       used 57039K, committed 58304K, reserved 1114112K
  class space    used 5793K, committed 6336K, reserved 1048576K
}
Event: 23.204 GC heap before
{Heap before GC invocations=236 (full 2):
 PSYoungGen      total 3584K, used 3346K [0x00000000eab00000, 0x00000000eaf80000, 0x0000000100000000)
  eden space 2560K, 100% used [0x00000000eab00000,0x00000000ead80000,0x00000000ead80000)
  from space 1024K, 76% used [0x00000000ead80000,0x00000000eae449e0,0x00000000eae80000)
  to   space 1024K, 0% used [0x00000000eae80000,0x00000000eae80000,0x00000000eaf80000)
 ParOldGen       total 222208K, used 221964K [0x00000000c0000000, 0x00000000cd900000, 0x00000000eab00000)
  object space 222208K, 99% used [0x00000000c0000000,0x00000000cd8c30d0,0x00000000cd900000)
 Metaspace       used 57058K, committed 58304K, reserved 1114112K
  class space    used 5794K, committed 6336K, reserved 1048576K
}
Event: 23.206 GC heap after
{Heap after GC invocations=236 (full 2):
 PSYoungGen      total 3584K, used 3346K [0x00000000eab00000, 0x00000000eaf80000, 0x0000000100000000)
  eden space 2560K, 100% used [0x00000000eab00000,0x00000000ead80000,0x00000000ead80000)
  from space 1024K, 76% used [0x00000000ead80000,0x00000000eae449e0,0x00000000eae80000)
  to   space 1024K, 65% used [0x00000000eae80000,0x00000000eaf27d00,0x00000000eaf80000)
 ParOldGen       total 222720K, used 222288K [0x00000000c0000000, 0x00000000cd980000, 0x00000000eab00000)
  object space 222720K, 99% used [0x00000000c0000000,0x00000000cd914218,0x00000000cd980000)
 Metaspace       used 57058K, committed 58304K, reserved 1114112K
  class space    used 5794K, committed 6336K, reserved 1048576K
}
Event: 23.206 GC heap before
{Heap before GC invocations=237 (full 3):
 PSYoungGen      total 3584K, used 3346K [0x00000000eab00000, 0x00000000eaf80000, 0x0000000100000000)
  eden space 2560K, 100% used [0x00000000eab00000,0x00000000ead80000,0x00000000ead80000)
  from space 1024K, 76% used [0x00000000ead80000,0x00000000eae449e0,0x00000000eae80000)
  to   space 1024K, 65% used [0x00000000eae80000,0x00000000eaf27d00,0x00000000eaf80000)
 ParOldGen       total 222720K, used 222288K [0x00000000c0000000, 0x00000000cd980000, 0x00000000eab00000)
  object space 222720K, 99% used [0x00000000c0000000,0x00000000cd914218,0x00000000cd980000)
 Metaspace       used 57058K, committed 58304K, reserved 1114112K
  class space    used 5794K, committed 6336K, reserved 1048576K
}

