# JRE version: OpenJDK Runtime Environment Temurin-21.0.6+7 (21.0.6+7) (build 21.0.6+7-LTS)
# Java VM: OpenJDK 64-Bit Server VM Temurin-21.0.6+7 (21.0.6+7-LTS, mixed mode, sharing, tiered, compressed oops, compressed class ptrs, parallel gc, windows-amd64)
GC Precious Log:
 CardTable entry size: 512
 CPUs: 8 total, 8 available
 Memory: 16165M
 Large Page Support: Disabled
 NUMA Support: Disabled
 Compressed Oops: Enabled (32-bit)
 Alignments: Space 512K, Generation 512K, Heap 2M
 Heap Min Capacity: 100M
 Heap Initial Capacity: 100M
 Heap Max Capacity: 1G
 Pre-touch: Disabled
 Parallel Workers: 8
Heap:
 PSYoungGen      total 3072K, used 2660K [0x00000000eab00000, 0x00000000eaf00000, 0x0000000100000000)
  eden space 2048K, 100% used [0x00000000eab00000,0x00000000ead00000,0x00000000ead00000)
  from space 1024K, 59% used [0x00000000eae00000,0x00000000eae99040,0x00000000eaf00000)
  to   space 1024K, 58% used [0x00000000ead00000,0x00000000ead952c8,0x00000000eae00000)
 ParOldGen       total 320000K, used 319731K [0x00000000c0000000, 0x00000000d3880000, 0x00000000eab00000)
  object space 320000K, 99% used [0x00000000c0000000,0x00000000d383cfa0,0x00000000d3880000)
 Metaspace       used 59892K, committed 61184K, reserved 1114112K
  class space    used 5950K, committed 6528K, reserved 1048576K
GC Heap History (20 events):
Event: 17.965 GC heap before
{Heap before GC invocations=262 (full 3):
 PSYoungGen      total 3072K, used 2576K [0x00000000eab00000, 0x00000000eaf00000, 0x0000000100000000)
  eden space 2048K, 99% used [0x00000000eab00000,0x00000000eacffff0,0x00000000ead00000)
  from space 1024K, 51% used [0x00000000eae00000,0x00000000eae842f8,0x00000000eaf00000)
  to   space 1024K, 0% used [0x00000000ead00000,0x00000000ead00000,0x00000000eae00000)
 ParOldGen       total 313856K, used 313407K [0x00000000c0000000, 0x00000000d3280000, 0x00000000eab00000)
  object space 313856K, 99% used [0x00000000c0000000,0x00000000d320fea8,0x00000000d3280000)
 Metaspace       used 59859K, committed 61184K, reserved 1114112K
  class space    used 5950K, committed 6528K, reserved 1048576K
}
Event: 17.967 GC heap after
{Heap after GC invocations=262 (full 3):
 PSYoungGen      total 3072K, used 608K [0x00000000eab00000, 0x00000000eaf00000, 0x0000000100000000)
  eden space 2048K, 0% used [0x00000000eab00000,0x00000000eab00000,0x00000000ead00000)
  from space 1024K, 59% used [0x00000000ead00000,0x00000000ead98000,0x00000000eae00000)
  to   space 1024K, 0% used [0x00000000eae00000,0x00000000eae00000,0x00000000eaf00000)
 ParOldGen       total 313856K, used 313851K [0x00000000c0000000, 0x00000000d3280000, 0x00000000eab00000)
  object space 313856K, 99% used [0x00000000c0000000,0x00000000d327ec10,0x00000000d3280000)
 Metaspace       used 59859K, committed 61184K, reserved 1114112K
  class space    used 5950K, committed 6528K, reserved 1048576K
}
Event: 17.975 GC heap before
{Heap before GC invocations=263 (full 3):
 PSYoungGen      total 3072K, used 2655K [0x00000000eab00000, 0x00000000eaf00000, 0x0000000100000000)
  eden space 2048K, 99% used [0x00000000eab00000,0x00000000eacffcd8,0x00000000ead00000)
  from space 1024K, 59% used [0x00000000ead00000,0x00000000ead98000,0x00000000eae00000)
  to   space 1024K, 0% used [0x00000000eae00000,0x00000000eae00000,0x00000000eaf00000)
 ParOldGen       total 313856K, used 313851K [0x00000000c0000000, 0x00000000d3280000, 0x00000000eab00000)
  object space 313856K, 99% used [0x00000000c0000000,0x00000000d327ec10,0x00000000d3280000)
 Metaspace       used 59859K, committed 61184K, reserved 1114112K
  class space    used 5950K, committed 6528K, reserved 1048576K
}
Event: 17.977 GC heap after
{Heap after GC invocations=263 (full 3):
 PSYoungGen      total 3072K, used 544K [0x00000000eab00000, 0x00000000eaf00000, 0x0000000100000000)
  eden space 2048K, 0% used [0x00000000eab00000,0x00000000eab00000,0x00000000ead00000)
  from space 1024K, 53% used [0x00000000eae00000,0x00000000eae88000,0x00000000eaf00000)
  to   space 1024K, 0% used [0x00000000ead00000,0x00000000ead00000,0x00000000eae00000)
 ParOldGen       total 314368K, used 314338K [0x00000000c0000000, 0x00000000d3300000, 0x00000000eab00000)
  object space 314368K, 99% used [0x00000000c0000000,0x00000000d32f8b48,0x00000000d3300000)
 Metaspace       used 59859K, committed 61184K, reserved 1114112K
  class space    used 5950K, committed 6528K, reserved 1048576K
}
Event: 17.988 GC heap before
{Heap before GC invocations=264 (full 3):
 PSYoungGen      total 3072K, used 2591K [0x00000000eab00000, 0x00000000eaf00000, 0x0000000100000000)
  eden space 2048K, 99% used [0x00000000eab00000,0x00000000eacfffe0,0x00000000ead00000)
  from space 1024K, 53% used [0x00000000eae00000,0x00000000eae88000,0x00000000eaf00000)
  to   space 1024K, 0% used [0x00000000ead00000,0x00000000ead00000,0x00000000eae00000)
 ParOldGen       total 314368K, used 314338K [0x00000000c0000000, 0x00000000d3300000, 0x00000000eab00000)
  object space 314368K, 99% used [0x00000000c0000000,0x00000000d32f8b48,0x00000000d3300000)
 Metaspace       used 59859K, committed 61184K, reserved 1114112K
  class space    used 5950K, committed 6528K, reserved 1048576K
}
Event: 17.991 GC heap after
{Heap after GC invocations=264 (full 3):
 PSYoungGen      total 3072K, used 576K [0x00000000eab00000, 0x00000000eaf00000, 0x0000000100000000)
  eden space 2048K, 0% used [0x00000000eab00000,0x00000000eab00000,0x00000000ead00000)
  from space 1024K, 56% used [0x00000000ead00000,0x00000000ead90000,0x00000000eae00000)
  to   space 1024K, 0% used [0x00000000eae00000,0x00000000eae00000,0x00000000eaf00000)
 ParOldGen       total 314880K, used 314767K [0x00000000c0000000, 0x00000000d3380000, 0x00000000eab00000)
  object space 314880K, 99% used [0x00000000c0000000,0x00000000d3363fa0,0x00000000d3380000)
 Metaspace       used 59859K, committed 61184K, reserved 1114112K
  class space    used 5950K, committed 6528K, reserved 1048576K
}
Event: 17.998 GC heap before
{Heap before GC invocations=265 (full 3):
 PSYoungGen      total 3072K, used 2610K [0x00000000eab00000, 0x00000000eaf00000, 0x0000000100000000)
  eden space 2048K, 99% used [0x00000000eab00000,0x00000000eacfc868,0x00000000ead00000)
  from space 1024K, 56% used [0x00000000ead00000,0x00000000ead90000,0x00000000eae00000)
  to   space 1024K, 0% used [0x00000000eae00000,0x00000000eae00000,0x00000000eaf00000)
 ParOldGen       total 314880K, used 314767K [0x00000000c0000000, 0x00000000d3380000, 0x00000000eab00000)
  object space 314880K, 99% used [0x00000000c0000000,0x00000000d3363fa0,0x00000000d3380000)
 Metaspace       used 59859K, committed 61184K, reserved 1114112K
  class space    used 5950K, committed 6528K, reserved 1048576K
}
Event: 18.001 GC heap after
{Heap after GC invocations=265 (full 3):
 PSYoungGen      total 3072K, used 674K [0x00000000eab00000, 0x00000000eaf80000, 0x0000000100000000)
  eden space 2048K, 0% used [0x00000000eab00000,0x00000000eab00000,0x00000000ead00000)
  from space 1024K, 65% used [0x00000000eae00000,0x00000000eaea8998,0x00000000eaf00000)
  to   space 1024K, 0% used [0x00000000ead00000,0x00000000ead00000,0x00000000eae00000)
 ParOldGen       total 315392K, used 315248K [0x00000000c0000000, 0x00000000d3400000, 0x00000000eab00000)
  object space 315392K, 99% used [0x00000000c0000000,0x00000000d33dc250,0x00000000d3400000)
 Metaspace       used 59859K, committed 61184K, reserved 1114112K
  class space    used 5950K, committed 6528K, reserved 1048576K
}
Event: 18.016 GC heap before
{Heap before GC invocations=266 (full 3):
 PSYoungGen      total 3072K, used 2722K [0x00000000eab00000, 0x00000000eaf80000, 0x0000000100000000)
  eden space 2048K, 100% used [0x00000000eab00000,0x00000000ead00000,0x00000000ead00000)
  from space 1024K, 65% used [0x00000000eae00000,0x00000000eaea8998,0x00000000eaf00000)
  to   space 1024K, 0% used [0x00000000ead00000,0x00000000ead00000,0x00000000eae00000)
 ParOldGen       total 315392K, used 315248K [0x00000000c0000000, 0x00000000d3400000, 0x00000000eab00000)
  object space 315392K, 99% used [0x00000000c0000000,0x00000000d33dc250,0x00000000d3400000)
 Metaspace       used 59861K, committed 61184K, reserved 1114112K
  class space    used 5950K, committed 6528K, reserved 1048576K
}
Event: 18.018 GC heap after
{Heap after GC invocations=266 (full 3):
 PSYoungGen      total 3072K, used 745K [0x00000000eab00000, 0x00000000eaf00000, 0x0000000100000000)
  eden space 2048K, 0% used [0x00000000eab00000,0x00000000eab00000,0x00000000ead00000)
  from space 1024K, 72% used [0x00000000ead00000,0x00000000eadba610,0x00000000eae00000)
  to   space 1024K, 0% used [0x00000000eae00000,0x00000000eae00000,0x00000000eaf00000)
 ParOldGen       total 315904K, used 315807K [0x00000000c0000000, 0x00000000d3480000, 0x00000000eab00000)
  object space 315904K, 99% used [0x00000000c0000000,0x00000000d3467ea0,0x00000000d3480000)
 Metaspace       used 59861K, committed 61184K, reserved 1114112K
  class space    used 5950K, committed 6528K, reserved 1048576K
}
Event: 18.030 GC heap before
{Heap before GC invocations=267 (full 3):
 PSYoungGen      total 3072K, used 2793K [0x00000000eab00000, 0x00000000eaf00000, 0x0000000100000000)
  eden space 2048K, 100% used [0x00000000eab00000,0x00000000ead00000,0x00000000ead00000)
  from space 1024K, 72% used [0x00000000ead00000,0x00000000eadba610,0x00000000eae00000)
  to   space 1024K, 0% used [0x00000000eae00000,0x00000000eae00000,0x00000000eaf00000)
 ParOldGen       total 315904K, used 315807K [0x00000000c0000000, 0x00000000d3480000, 0x00000000eab00000)
  object space 315904K, 99% used [0x00000000c0000000,0x00000000d3467ea0,0x00000000d3480000)
 Metaspace       used 59861K, committed 61184K, reserved 1114112K
  class space    used 5950K, committed 6528K, reserved 1048576K
}
Event: 18.034 GC heap after
{Heap after GC invocations=267 (full 3):
 PSYoungGen      total 3072K, used 608K [0x00000000eab00000, 0x00000000eaf80000, 0x0000000100000000)
  eden space 2048K, 0% used [0x00000000eab00000,0x00000000eab00000,0x00000000ead00000)
  from space 1024K, 59% used [0x00000000eae00000,0x00000000eae98000,0x00000000eaf00000)
  to   space 1024K, 0% used [0x00000000ead00000,0x00000000ead00000,0x00000000eae00000)
 ParOldGen       total 316416K, used 316401K [0x00000000c0000000, 0x00000000d3500000, 0x00000000eab00000)
  object space 316416K, 99% used [0x00000000c0000000,0x00000000d34fc740,0x00000000d3500000)
 Metaspace       used 59861K, committed 61184K, reserved 1114112K
  class space    used 5950K, committed 6528K, reserved 1048576K
}
Event: 18.049 GC heap before
{Heap before GC invocations=268 (full 3):
 PSYoungGen      total 3072K, used 2656K [0x00000000eab00000, 0x00000000eaf80000, 0x0000000100000000)
  eden space 2048K, 100% used [0x00000000eab00000,0x00000000ead00000,0x00000000ead00000)
  from space 1024K, 59% used [0x00000000eae00000,0x00000000eae98000,0x00000000eaf00000)
  to   space 1024K, 0% used [0x00000000ead00000,0x00000000ead00000,0x00000000eae00000)
 ParOldGen       total 316416K, used 316401K [0x00000000c0000000, 0x00000000d3500000, 0x00000000eab00000)
  object space 316416K, 99% used [0x00000000c0000000,0x00000000d34fc740,0x00000000d3500000)
 Metaspace       used 59868K, committed 61184K, reserved 1114112K
  class space    used 5950K, committed 6528K, reserved 1048576K
}
Event: 18.051 GC heap after
{Heap after GC invocations=268 (full 3):
 PSYoungGen      total 3072K, used 595K [0x00000000eab00000, 0x00000000eaf00000, 0x0000000100000000)
  eden space 2048K, 0% used [0x00000000eab00000,0x00000000eab00000,0x00000000ead00000)
  from space 1024K, 58% used [0x00000000ead00000,0x00000000ead94ec0,0x00000000eae00000)
  to   space 1024K, 0% used [0x00000000eae00000,0x00000000eae00000,0x00000000eaf00000)
 ParOldGen       total 316928K, used 316897K [0x00000000c0000000, 0x00000000d3580000, 0x00000000eab00000)
  object space 316928K, 99% used [0x00000000c0000000,0x00000000d3578550,0x00000000d3580000)
 Metaspace       used 59868K, committed 61184K, reserved 1114112K
  class space    used 5950K, committed 6528K, reserved 1048576K
}
Event: 18.060 GC heap before
{Heap before GC invocations=269 (full 3):
 PSYoungGen      total 3072K, used 2643K [0x00000000eab00000, 0x00000000eaf00000, 0x0000000100000000)
  eden space 2048K, 100% used [0x00000000eab00000,0x00000000ead00000,0x00000000ead00000)
  from space 1024K, 58% used [0x00000000ead00000,0x00000000ead94ec0,0x00000000eae00000)
  to   space 1024K, 0% used [0x00000000eae00000,0x00000000eae00000,0x00000000eaf00000)
 ParOldGen       total 316928K, used 316897K [0x00000000c0000000, 0x00000000d3580000, 0x00000000eab00000)
  object space 316928K, 99% used [0x00000000c0000000,0x00000000d3578550,0x00000000d3580000)
 Metaspace       used 59868K, committed 61184K, reserved 1114112K
  class space    used 5950K, committed 6528K, reserved 1048576K
}
Event: 18.063 GC heap after
{Heap after GC invocations=269 (full 3):
 PSYoungGen      total 3072K, used 544K [0x00000000eab00000, 0x00000000eaf00000, 0x0000000100000000)
  eden space 2048K, 0% used [0x00000000eab00000,0x00000000eab00000,0x00000000ead00000)
  from space 1024K, 53% used [0x00000000eae00000,0x00000000eae88000,0x00000000eaf00000)
  to   space 1024K, 0% used [0x00000000ead00000,0x00000000ead00000,0x00000000eae00000)
 ParOldGen       total 317440K, used 317345K [0x00000000c0000000, 0x00000000d3600000, 0x00000000eab00000)
  object space 317440K, 99% used [0x00000000c0000000,0x00000000d35e8538,0x00000000d3600000)
 Metaspace       used 59868K, committed 61184K, reserved 1114112K
  class space    used 5950K, committed 6528K, reserved 1048576K
}
Event: 18.082 GC heap before
{Heap before GC invocations=270 (full 3):
 PSYoungGen      total 3072K, used 2591K [0x00000000eab00000, 0x00000000eaf00000, 0x0000000100000000)
  eden space 2048K, 99% used [0x00000000eab00000,0x00000000eacffff8,0x00000000ead00000)
  from space 1024K, 53% used [0x00000000eae00000,0x00000000eae88000,0x00000000eaf00000)
  to   space 1024K, 0% used [0x00000000ead00000,0x00000000ead00000,0x00000000eae00000)
 ParOldGen       total 317440K, used 317345K [0x00000000c0000000, 0x00000000d3600000, 0x00000000eab00000)
  object space 317440K, 99% used [0x00000000c0000000,0x00000000d35e8538,0x00000000d3600000)
 Metaspace       used 59879K, committed 61184K, reserved 1114112K
  class space    used 5950K, committed 6528K, reserved 1048576K
}
Event: 18.084 GC heap after
{Heap after GC invocations=270 (full 3):
 PSYoungGen      total 3072K, used 672K [0x00000000eab00000, 0x00000000eaf00000, 0x0000000100000000)
  eden space 2048K, 0% used [0x00000000eab00000,0x00000000eab00000,0x00000000ead00000)
  from space 1024K, 65% used [0x00000000ead00000,0x00000000eada8000,0x00000000eae00000)
  to   space 1024K, 0% used [0x00000000eae00000,0x00000000eae00000,0x00000000eaf00000)
 ParOldGen       total 317952K, used 317788K [0x00000000c0000000, 0x00000000d3680000, 0x00000000eab00000)
  object space 317952K, 99% used [0x00000000c0000000,0x00000000d3657340,0x00000000d3680000)
 Metaspace       used 59879K, committed 61184K, reserved 1114112K
  class space    used 5950K, committed 6528K, reserved 1048576K
}
Event: 18.090 GC heap before
{Heap before GC invocations=271 (full 3):
 PSYoungGen      total 3072K, used 2720K [0x00000000eab00000, 0x00000000eaf00000, 0x0000000100000000)
  eden space 2048K, 100% used [0x00000000eab00000,0x00000000ead00000,0x00000000ead00000)
  from space 1024K, 65% used [0x00000000ead00000,0x00000000eada8000,0x00000000eae00000)
  to   space 1024K, 0% used [0x00000000eae00000,0x00000000eae00000,0x00000000eaf00000)
 ParOldGen       total 317952K, used 317788K [0x00000000c0000000, 0x00000000d3680000, 0x00000000eab00000)
  object space 317952K, 99% used [0x00000000c0000000,0x00000000d3657340,0x00000000d3680000)
 Metaspace       used 59879K, committed 61184K, reserved 1114112K
  class space    used 5950K, committed 6528K, reserved 1048576K
}
Event: 18.092 GC heap after
{Heap after GC invocations=271 (full 3):
 PSYoungGen      total 3072K, used 690K [0x00000000eab00000, 0x00000000eaf00000, 0x0000000100000000)
  eden space 2048K, 0% used [0x00000000eab00000,0x00000000eab00000,0x00000000ead00000)
  from space 1024K, 67% used [0x00000000eae00000,0x00000000eaeacb68,0x00000000eaf00000)
  to   space 1024K, 0% used [0x00000000ead00000,0x00000000ead00000,0x00000000eae00000)
 ParOldGen       total 318464K, used 318336K [0x00000000c0000000, 0x00000000d3700000, 0x00000000eab00000)
  object space 318464K, 99% used [0x00000000c0000000,0x00000000d36e0108,0x00000000d3700000)
 Metaspace       used 59879K, committed 61184K, reserved 1114112K
  class space    used 5950K, committed 6528K, reserved 1048576K
}

