# JRE version: OpenJDK Runtime Environment Temurin-21.0.6+7 (21.0.6+7) (build 21.0.6+7-LTS)
# Java VM: OpenJDK 64-Bit Server VM Temurin-21.0.6+7 (21.0.6+7-LTS, mixed mode, sharing, tiered, compressed oops, compressed class ptrs, parallel gc, windows-amd64)
GC Precious Log:
 CardTable entry size: 512
 CPUs: 8 total, 8 available
 Memory: 16165M
 Large Page Support: Disabled
 NUMA Support: Disabled
 Compressed Oops: Enabled (32-bit)
 Alignments: Space 512K, Generation 512K, Heap 2M
 Heap Min Capacity: 100M
 Heap Initial Capacity: 100M
 Heap Max Capacity: 1G
 Pre-touch: Disabled
 Parallel Workers: 8
Heap:
 PSYoungGen      total 3584K, used 3315K [0x00000000eab00000, 0x00000000eaf80000, 0x0000000100000000)
  eden space 2560K, 100% used [0x00000000eab00000,0x00000000ead80000,0x00000000ead80000)
  from space 1024K, 73% used [0x00000000ead80000,0x00000000eae3ccf8,0x00000000eae80000)
  to   space 1024K, 74% used [0x00000000eae80000,0x00000000eaf3eb38,0x00000000eaf80000)
 ParOldGen       total 198144K, used 197830K [0x00000000c0000000, 0x00000000cc180000, 0x00000000eab00000)
  object space 198144K, 99% used [0x00000000c0000000,0x00000000cc131940,0x00000000cc180000)
 Metaspace       used 57411K, committed 58624K, reserved 1114112K
  class space    used 5863K, committed 6400K, reserved 1048576K
GC Heap History (20 events):
Event: 17.188 GC heap before
{Heap before GC invocations=142 (full 2):
 PSYoungGen      total 3584K, used 3304K [0x00000000eab00000, 0x00000000eaf80000, 0x0000000100000000)
  eden space 2560K, 100% used [0x00000000eab00000,0x00000000ead80000,0x00000000ead80000)
  from space 1024K, 72% used [0x00000000ead80000,0x00000000eae3a270,0x00000000eae80000)
  to   space 1024K, 0% used [0x00000000eae80000,0x00000000eae80000,0x00000000eaf80000)
 ParOldGen       total 191488K, used 191446K [0x00000000c0000000, 0x00000000cbb00000, 0x00000000eab00000)
  object space 191488K, 99% used [0x00000000c0000000,0x00000000cbaf5b70,0x00000000cbb00000)
 Metaspace       used 56875K, committed 58048K, reserved 1114112K
  class space    used 5798K, committed 6272K, reserved 1048576K
}
Event: 17.190 GC heap after
{Heap after GC invocations=142 (full 2):
 PSYoungGen      total 3584K, used 677K [0x00000000eab00000, 0x00000000eaf80000, 0x0000000100000000)
  eden space 2560K, 0% used [0x00000000eab00000,0x00000000eab00000,0x00000000ead80000)
  from space 1024K, 66% used [0x00000000eae80000,0x00000000eaf29458,0x00000000eaf80000)
  to   space 1024K, 0% used [0x00000000ead80000,0x00000000ead80000,0x00000000eae80000)
 ParOldGen       total 192512K, used 192127K [0x00000000c0000000, 0x00000000cbc00000, 0x00000000eab00000)
  object space 192512K, 99% used [0x00000000c0000000,0x00000000cbb9fe50,0x00000000cbc00000)
 Metaspace       used 56875K, committed 58048K, reserved 1114112K
  class space    used 5798K, committed 6272K, reserved 1048576K
}
Event: 17.206 GC heap before
{Heap before GC invocations=143 (full 2):
 PSYoungGen      total 3584K, used 3237K [0x00000000eab00000, 0x00000000eaf80000, 0x0000000100000000)
  eden space 2560K, 100% used [0x00000000eab00000,0x00000000ead80000,0x00000000ead80000)
  from space 1024K, 66% used [0x00000000eae80000,0x00000000eaf29458,0x00000000eaf80000)
  to   space 1024K, 0% used [0x00000000ead80000,0x00000000ead80000,0x00000000eae80000)
 ParOldGen       total 192512K, used 192127K [0x00000000c0000000, 0x00000000cbc00000, 0x00000000eab00000)
  object space 192512K, 99% used [0x00000000c0000000,0x00000000cbb9fe50,0x00000000cbc00000)
 Metaspace       used 56907K, committed 58112K, reserved 1114112K
  class space    used 5799K, committed 6272K, reserved 1048576K
}
Event: 17.210 GC heap after
{Heap after GC invocations=143 (full 2):
 PSYoungGen      total 3584K, used 672K [0x00000000eab00000, 0x00000000eaf80000, 0x0000000100000000)
  eden space 2560K, 0% used [0x00000000eab00000,0x00000000eab00000,0x00000000ead80000)
  from space 1024K, 65% used [0x00000000ead80000,0x00000000eae28000,0x00000000eae80000)
  to   space 1024K, 0% used [0x00000000eae80000,0x00000000eae80000,0x00000000eaf80000)
 ParOldGen       total 193024K, used 192692K [0x00000000c0000000, 0x00000000cbc80000, 0x00000000eab00000)
  object space 193024K, 99% used [0x00000000c0000000,0x00000000cbc2d320,0x00000000cbc80000)
 Metaspace       used 56907K, committed 58112K, reserved 1114112K
  class space    used 5799K, committed 6272K, reserved 1048576K
}
Event: 17.226 GC heap before
{Heap before GC invocations=144 (full 2):
 PSYoungGen      total 3584K, used 3232K [0x00000000eab00000, 0x00000000eaf80000, 0x0000000100000000)
  eden space 2560K, 100% used [0x00000000eab00000,0x00000000ead80000,0x00000000ead80000)
  from space 1024K, 65% used [0x00000000ead80000,0x00000000eae28000,0x00000000eae80000)
  to   space 1024K, 0% used [0x00000000eae80000,0x00000000eae80000,0x00000000eaf80000)
 ParOldGen       total 193024K, used 192692K [0x00000000c0000000, 0x00000000cbc80000, 0x00000000eab00000)
  object space 193024K, 99% used [0x00000000c0000000,0x00000000cbc2d320,0x00000000cbc80000)
 Metaspace       used 56936K, committed 58112K, reserved 1114112K
  class space    used 5802K, committed 6272K, reserved 1048576K
}
Event: 17.228 GC heap after
{Heap after GC invocations=144 (full 2):
 PSYoungGen      total 3584K, used 608K [0x00000000eab00000, 0x00000000eaf80000, 0x0000000100000000)
  eden space 2560K, 0% used [0x00000000eab00000,0x00000000eab00000,0x00000000ead80000)
  from space 1024K, 59% used [0x00000000eae80000,0x00000000eaf18000,0x00000000eaf80000)
  to   space 1024K, 0% used [0x00000000ead80000,0x00000000ead80000,0x00000000eae80000)
 ParOldGen       total 193536K, used 193275K [0x00000000c0000000, 0x00000000cbd00000, 0x00000000eab00000)
  object space 193536K, 99% used [0x00000000c0000000,0x00000000cbcbeed8,0x00000000cbd00000)
 Metaspace       used 56936K, committed 58112K, reserved 1114112K
  class space    used 5802K, committed 6272K, reserved 1048576K
}
Event: 17.244 GC heap before
{Heap before GC invocations=145 (full 2):
 PSYoungGen      total 3584K, used 3168K [0x00000000eab00000, 0x00000000eaf80000, 0x0000000100000000)
  eden space 2560K, 100% used [0x00000000eab00000,0x00000000ead80000,0x00000000ead80000)
  from space 1024K, 59% used [0x00000000eae80000,0x00000000eaf18000,0x00000000eaf80000)
  to   space 1024K, 0% used [0x00000000ead80000,0x00000000ead80000,0x00000000eae80000)
 ParOldGen       total 193536K, used 193275K [0x00000000c0000000, 0x00000000cbd00000, 0x00000000eab00000)
  object space 193536K, 99% used [0x00000000c0000000,0x00000000cbcbeed8,0x00000000cbd00000)
 Metaspace       used 57020K, committed 58176K, reserved 1114112K
  class space    used 5811K, committed 6272K, reserved 1048576K
}
Event: 17.247 GC heap after
{Heap after GC invocations=145 (full 2):
 PSYoungGen      total 3584K, used 640K [0x00000000eab00000, 0x00000000eaf80000, 0x0000000100000000)
  eden space 2560K, 0% used [0x00000000eab00000,0x00000000eab00000,0x00000000ead80000)
  from space 1024K, 62% used [0x00000000ead80000,0x00000000eae20000,0x00000000eae80000)
  to   space 1024K, 0% used [0x00000000eae80000,0x00000000eae80000,0x00000000eaf80000)
 ParOldGen       total 194048K, used 193780K [0x00000000c0000000, 0x00000000cbd80000, 0x00000000eab00000)
  object space 194048K, 99% used [0x00000000c0000000,0x00000000cbd3d198,0x00000000cbd80000)
 Metaspace       used 57020K, committed 58176K, reserved 1114112K
  class space    used 5811K, committed 6272K, reserved 1048576K
}
Event: 17.263 GC heap before
{Heap before GC invocations=146 (full 2):
 PSYoungGen      total 3584K, used 3200K [0x00000000eab00000, 0x00000000eaf80000, 0x0000000100000000)
  eden space 2560K, 100% used [0x00000000eab00000,0x00000000ead80000,0x00000000ead80000)
  from space 1024K, 62% used [0x00000000ead80000,0x00000000eae20000,0x00000000eae80000)
  to   space 1024K, 0% used [0x00000000eae80000,0x00000000eae80000,0x00000000eaf80000)
 ParOldGen       total 194048K, used 193780K [0x00000000c0000000, 0x00000000cbd80000, 0x00000000eab00000)
  object space 194048K, 99% used [0x00000000c0000000,0x00000000cbd3d198,0x00000000cbd80000)
 Metaspace       used 57070K, committed 58240K, reserved 1114112K
  class space    used 5817K, committed 6272K, reserved 1048576K
}
Event: 17.266 GC heap after
{Heap after GC invocations=146 (full 2):
 PSYoungGen      total 3584K, used 710K [0x00000000eab00000, 0x00000000eaf80000, 0x0000000100000000)
  eden space 2560K, 0% used [0x00000000eab00000,0x00000000eab00000,0x00000000ead80000)
  from space 1024K, 69% used [0x00000000eae80000,0x00000000eaf318a8,0x00000000eaf80000)
  to   space 1024K, 0% used [0x00000000ead80000,0x00000000ead80000,0x00000000eae80000)
 ParOldGen       total 194560K, used 194286K [0x00000000c0000000, 0x00000000cbe00000, 0x00000000eab00000)
  object space 194560K, 99% used [0x00000000c0000000,0x00000000cbdbbab8,0x00000000cbe00000)
 Metaspace       used 57070K, committed 58240K, reserved 1114112K
  class space    used 5817K, committed 6272K, reserved 1048576K
}
Event: 17.278 GC heap before
{Heap before GC invocations=147 (full 2):
 PSYoungGen      total 3584K, used 3270K [0x00000000eab00000, 0x00000000eaf80000, 0x0000000100000000)
  eden space 2560K, 100% used [0x00000000eab00000,0x00000000ead80000,0x00000000ead80000)
  from space 1024K, 69% used [0x00000000eae80000,0x00000000eaf318a8,0x00000000eaf80000)
  to   space 1024K, 0% used [0x00000000ead80000,0x00000000ead80000,0x00000000eae80000)
 ParOldGen       total 194560K, used 194286K [0x00000000c0000000, 0x00000000cbe00000, 0x00000000eab00000)
  object space 194560K, 99% used [0x00000000c0000000,0x00000000cbdbbab8,0x00000000cbe00000)
 Metaspace       used 57089K, committed 58304K, reserved 1114112K
  class space    used 5820K, committed 6336K, reserved 1048576K
}
Event: 17.281 GC heap after
{Heap after GC invocations=147 (full 2):
 PSYoungGen      total 3584K, used 697K [0x00000000eab00000, 0x00000000eaf80000, 0x0000000100000000)
  eden space 2560K, 0% used [0x00000000eab00000,0x00000000eab00000,0x00000000ead80000)
  from space 1024K, 68% used [0x00000000ead80000,0x00000000eae2e448,0x00000000eae80000)
  to   space 1024K, 0% used [0x00000000eae80000,0x00000000eae80000,0x00000000eaf80000)
 ParOldGen       total 195072K, used 194922K [0x00000000c0000000, 0x00000000cbe80000, 0x00000000eab00000)
  object space 195072K, 99% used [0x00000000c0000000,0x00000000cbe5a810,0x00000000cbe80000)
 Metaspace       used 57089K, committed 58304K, reserved 1114112K
  class space    used 5820K, committed 6336K, reserved 1048576K
}
Event: 17.294 GC heap before
{Heap before GC invocations=148 (full 2):
 PSYoungGen      total 3584K, used 3257K [0x00000000eab00000, 0x00000000eaf80000, 0x0000000100000000)
  eden space 2560K, 100% used [0x00000000eab00000,0x00000000ead80000,0x00000000ead80000)
  from space 1024K, 68% used [0x00000000ead80000,0x00000000eae2e448,0x00000000eae80000)
  to   space 1024K, 0% used [0x00000000eae80000,0x00000000eae80000,0x00000000eaf80000)
 ParOldGen       total 195072K, used 194922K [0x00000000c0000000, 0x00000000cbe80000, 0x00000000eab00000)
  object space 195072K, 99% used [0x00000000c0000000,0x00000000cbe5a810,0x00000000cbe80000)
 Metaspace       used 57110K, committed 58368K, reserved 1114112K
  class space    used 5821K, committed 6336K, reserved 1048576K
}
Event: 17.297 GC heap after
{Heap after GC invocations=148 (full 2):
 PSYoungGen      total 3584K, used 739K [0x00000000eab00000, 0x00000000eaf80000, 0x0000000100000000)
  eden space 2560K, 0% used [0x00000000eab00000,0x00000000eab00000,0x00000000ead80000)
  from space 1024K, 72% used [0x00000000eae80000,0x00000000eaf38cb8,0x00000000eaf80000)
  to   space 1024K, 0% used [0x00000000ead80000,0x00000000ead80000,0x00000000eae80000)
 ParOldGen       total 195584K, used 195501K [0x00000000c0000000, 0x00000000cbf00000, 0x00000000eab00000)
  object space 195584K, 99% used [0x00000000c0000000,0x00000000cbeeb798,0x00000000cbf00000)
 Metaspace       used 57110K, committed 58368K, reserved 1114112K
  class space    used 5821K, committed 6336K, reserved 1048576K
}
Event: 17.313 GC heap before
{Heap before GC invocations=149 (full 2):
 PSYoungGen      total 3584K, used 3299K [0x00000000eab00000, 0x00000000eaf80000, 0x0000000100000000)
  eden space 2560K, 100% used [0x00000000eab00000,0x00000000ead80000,0x00000000ead80000)
  from space 1024K, 72% used [0x00000000eae80000,0x00000000eaf38cb8,0x00000000eaf80000)
  to   space 1024K, 0% used [0x00000000ead80000,0x00000000ead80000,0x00000000eae80000)
 ParOldGen       total 195584K, used 195501K [0x00000000c0000000, 0x00000000cbf00000, 0x00000000eab00000)
  object space 195584K, 99% used [0x00000000c0000000,0x00000000cbeeb798,0x00000000cbf00000)
 Metaspace       used 57159K, committed 58368K, reserved 1114112K
  class space    used 5829K, committed 6336K, reserved 1048576K
}
Event: 17.315 GC heap after
{Heap after GC invocations=149 (full 2):
 PSYoungGen      total 3584K, used 672K [0x00000000eab00000, 0x00000000eaf80000, 0x0000000100000000)
  eden space 2560K, 0% used [0x00000000eab00000,0x00000000eab00000,0x00000000ead80000)
  from space 1024K, 65% used [0x00000000ead80000,0x00000000eae28000,0x00000000eae80000)
  to   space 1024K, 0% used [0x00000000eae80000,0x00000000eae80000,0x00000000eaf80000)
 ParOldGen       total 196608K, used 196120K [0x00000000c0000000, 0x00000000cc000000, 0x00000000eab00000)
  object space 196608K, 99% used [0x00000000c0000000,0x00000000cbf86098,0x00000000cc000000)
 Metaspace       used 57159K, committed 58368K, reserved 1114112K
  class space    used 5829K, committed 6336K, reserved 1048576K
}
Event: 17.332 GC heap before
{Heap before GC invocations=150 (full 2):
 PSYoungGen      total 3584K, used 3231K [0x00000000eab00000, 0x00000000eaf80000, 0x0000000100000000)
  eden space 2560K, 99% used [0x00000000eab00000,0x00000000ead7fff0,0x00000000ead80000)
  from space 1024K, 65% used [0x00000000ead80000,0x00000000eae28000,0x00000000eae80000)
  to   space 1024K, 0% used [0x00000000eae80000,0x00000000eae80000,0x00000000eaf80000)
 ParOldGen       total 196608K, used 196120K [0x00000000c0000000, 0x00000000cc000000, 0x00000000eab00000)
  object space 196608K, 99% used [0x00000000c0000000,0x00000000cbf86098,0x00000000cc000000)
 Metaspace       used 57244K, committed 58496K, reserved 1114112K
  class space    used 5832K, committed 6336K, reserved 1048576K
}
Event: 17.334 GC heap after
{Heap after GC invocations=150 (full 2):
 PSYoungGen      total 3584K, used 711K [0x00000000eab00000, 0x00000000eaf80000, 0x0000000100000000)
  eden space 2560K, 0% used [0x00000000eab00000,0x00000000eab00000,0x00000000ead80000)
  from space 1024K, 69% used [0x00000000eae80000,0x00000000eaf31c80,0x00000000eaf80000)
  to   space 1024K, 0% used [0x00000000ead80000,0x00000000ead80000,0x00000000eae80000)
 ParOldGen       total 197120K, used 196693K [0x00000000c0000000, 0x00000000cc080000, 0x00000000eab00000)
  object space 197120K, 99% used [0x00000000c0000000,0x00000000cc0154b8,0x00000000cc080000)
 Metaspace       used 57244K, committed 58496K, reserved 1114112K
  class space    used 5832K, committed 6336K, reserved 1048576K
}
Event: 17.347 GC heap before
{Heap before GC invocations=151 (full 2):
 PSYoungGen      total 3584K, used 3271K [0x00000000eab00000, 0x00000000eaf80000, 0x0000000100000000)
  eden space 2560K, 100% used [0x00000000eab00000,0x00000000ead80000,0x00000000ead80000)
  from space 1024K, 69% used [0x00000000eae80000,0x00000000eaf31c80,0x00000000eaf80000)
  to   space 1024K, 0% used [0x00000000ead80000,0x00000000ead80000,0x00000000eae80000)
 ParOldGen       total 197120K, used 196693K [0x00000000c0000000, 0x00000000cc080000, 0x00000000eab00000)
  object space 197120K, 99% used [0x00000000c0000000,0x00000000cc0154b8,0x00000000cc080000)
 Metaspace       used 57296K, committed 58496K, reserved 1114112K
  class space    used 5849K, committed 6336K, reserved 1048576K
}
Event: 17.350 GC heap after
{Heap after GC invocations=151 (full 2):
 PSYoungGen      total 3584K, used 755K [0x00000000eab00000, 0x00000000eaf80000, 0x0000000100000000)
  eden space 2560K, 0% used [0x00000000eab00000,0x00000000eab00000,0x00000000ead80000)
  from space 1024K, 73% used [0x00000000ead80000,0x00000000eae3ccf8,0x00000000eae80000)
  to   space 1024K, 0% used [0x00000000eae80000,0x00000000eae80000,0x00000000eaf80000)
 ParOldGen       total 197632K, used 197292K [0x00000000c0000000, 0x00000000cc100000, 0x00000000eab00000)
  object space 197632K, 99% used [0x00000000c0000000,0x00000000cc0ab340,0x00000000cc100000)
 Metaspace       used 57296K, committed 58496K, reserved 1114112K
  class space    used 5849K, committed 6336K, reserved 1048576K
}

