# JRE version: Java(TM) SE Runtime Environment (17.0.12+8) (build 17.0.12+8-LTS-286)
# Java VM: Java HotSpot(TM) 64-Bit Server VM (17.0.12+8-LTS-286, mixed mode, sharing, tiered, compressed oops, compressed class ptrs, g1 gc, windows-amd64)
GC Precious Log:
 CPUs: 8 total, 8 available
 Memory: 16165M
 Large Page Support: Disabled
 NUMA Support: Disabled
 Compressed Oops: Enabled (Zero based)
 Heap Region Size: 2M
 Heap Min Capacity: 8M
 Heap Initial Capacity: 254M
 Heap Max Capacity: 4G
 Pre-touch: Disabled
 Parallel Workers: 8
 Concurrent Workers: 2
 Concurrent Refinement Workers: 8
 Periodic GC: Disabled
Heap:
 garbage-first heap   total 120832K, used 75844K [0x0000000700000000, 0x0000000800000000)
  region size 2048K, 7 young (14336K), 2 survivors (4096K)
 Metaspace       used 63848K, committed 64512K, reserved 1114112K
  class space    used 9048K, committed 9344K, reserved 1048576K
GC Heap History (20 events):
Event: 16.211 GC heap before
{Heap before GC invocations=10 (full 0):
 garbage-first heap   total 102400K, used 78835K [0x0000000700000000, 0x0000000800000000)
  region size 2048K, 24 young (49152K), 2 survivors (4096K)
 Metaspace       used 42345K, committed 42816K, reserved 1114112K
  class space    used 6050K, committed 6272K, reserved 1048576K
}
Event: 16.218 GC heap after
{Heap after GC invocations=11 (full 0):
 garbage-first heap   total 102400K, used 36259K [0x0000000700000000, 0x0000000800000000)
  region size 2048K, 3 young (6144K), 3 survivors (6144K)
 Metaspace       used 42345K, committed 42816K, reserved 1114112K
  class space    used 6050K, committed 6272K, reserved 1048576K
}
Event: 17.782 GC heap before
{Heap before GC invocations=11 (full 0):
 garbage-first heap   total 102400K, used 77219K [0x0000000700000000, 0x0000000800000000)
  region size 2048K, 24 young (49152K), 3 survivors (6144K)
 Metaspace       used 47366K, committed 47936K, reserved 1114112K
  class space    used 6638K, committed 6912K, reserved 1048576K
}
Event: 17.789 GC heap after
{Heap after GC invocations=12 (full 0):
 garbage-first heap   total 102400K, used 38026K [0x0000000700000000, 0x0000000800000000)
  region size 2048K, 3 young (6144K), 3 survivors (6144K)
 Metaspace       used 47366K, committed 47936K, reserved 1114112K
  class space    used 6638K, committed 6912K, reserved 1048576K
}
Event: 19.815 GC heap before
{Heap before GC invocations=12 (full 0):
 garbage-first heap   total 102400K, used 78986K [0x0000000700000000, 0x0000000800000000)
  region size 2048K, 23 young (47104K), 3 survivors (6144K)
 Metaspace       used 51751K, committed 52352K, reserved 1114112K
  class space    used 7330K, committed 7616K, reserved 1048576K
}
Event: 19.822 GC heap after
{Heap after GC invocations=13 (full 0):
 garbage-first heap   total 102400K, used 40884K [0x0000000700000000, 0x0000000800000000)
  region size 2048K, 3 young (6144K), 3 survivors (6144K)
 Metaspace       used 51751K, committed 52352K, reserved 1114112K
  class space    used 7330K, committed 7616K, reserved 1048576K
}
Event: 21.834 GC heap before
{Heap before GC invocations=13 (full 0):
 garbage-first heap   total 102400K, used 79796K [0x0000000700000000, 0x0000000800000000)
  region size 2048K, 22 young (45056K), 3 survivors (6144K)
 Metaspace       used 53164K, committed 53824K, reserved 1114112K
  class space    used 7496K, committed 7808K, reserved 1048576K
}
Event: 21.847 GC heap after
{Heap after GC invocations=14 (full 0):
 garbage-first heap   total 102400K, used 45082K [0x0000000700000000, 0x0000000800000000)
  region size 2048K, 3 young (6144K), 3 survivors (6144K)
 Metaspace       used 53164K, committed 53824K, reserved 1114112K
  class space    used 7496K, committed 7808K, reserved 1048576K
}
Event: 22.846 GC heap before
{Heap before GC invocations=14 (full 0):
 garbage-first heap   total 102400K, used 83994K [0x0000000700000000, 0x0000000800000000)
  region size 2048K, 20 young (40960K), 3 survivors (6144K)
 Metaspace       used 55942K, committed 56576K, reserved 1114112K
  class space    used 7968K, committed 8256K, reserved 1048576K
}
Event: 22.854 GC heap after
{Heap after GC invocations=15 (full 0):
 garbage-first heap   total 102400K, used 51315K [0x0000000700000000, 0x0000000800000000)
  region size 2048K, 2 young (4096K), 2 survivors (4096K)
 Metaspace       used 55942K, committed 56576K, reserved 1114112K
  class space    used 7968K, committed 8256K, reserved 1048576K
}
Event: 23.537 GC heap before
{Heap before GC invocations=15 (full 0):
 garbage-first heap   total 102400K, used 61555K [0x0000000700000000, 0x0000000800000000)
  region size 2048K, 8 young (16384K), 2 survivors (4096K)
 Metaspace       used 57637K, committed 58304K, reserved 1114112K
  class space    used 8212K, committed 8512K, reserved 1048576K
}
Event: 23.543 GC heap after
{Heap after GC invocations=16 (full 0):
 garbage-first heap   total 102400K, used 51964K [0x0000000700000000, 0x0000000800000000)
  region size 2048K, 2 young (4096K), 2 survivors (4096K)
 Metaspace       used 57637K, committed 58304K, reserved 1114112K
  class space    used 8212K, committed 8512K, reserved 1048576K
}
Event: 25.081 GC heap before
{Heap before GC invocations=17 (full 0):
 garbage-first heap   total 110592K, used 86780K [0x0000000700000000, 0x0000000800000000)
  region size 2048K, 15 young (30720K), 2 survivors (4096K)
 Metaspace       used 59654K, committed 60288K, reserved 1114112K
  class space    used 8468K, committed 8768K, reserved 1048576K
}
Event: 25.087 GC heap after
{Heap after GC invocations=18 (full 0):
 garbage-first heap   total 110592K, used 62743K [0x0000000700000000, 0x0000000800000000)
  region size 2048K, 2 young (4096K), 2 survivors (4096K)
 Metaspace       used 59654K, committed 60288K, reserved 1114112K
  class space    used 8468K, committed 8768K, reserved 1048576K
}
Event: 25.981 GC heap before
{Heap before GC invocations=18 (full 0):
 garbage-first heap   total 110592K, used 87319K [0x0000000700000000, 0x0000000800000000)
  region size 2048K, 14 young (28672K), 2 survivors (4096K)
 Metaspace       used 61053K, committed 61696K, reserved 1114112K
  class space    used 8667K, committed 8960K, reserved 1048576K
}
Event: 25.987 GC heap after
{Heap after GC invocations=19 (full 0):
 garbage-first heap   total 110592K, used 63881K [0x0000000700000000, 0x0000000800000000)
  region size 2048K, 1 young (2048K), 1 survivors (2048K)
 Metaspace       used 61053K, committed 61696K, reserved 1114112K
  class space    used 8667K, committed 8960K, reserved 1048576K
}
Event: 27.096 GC heap before
{Heap before GC invocations=20 (full 0):
 garbage-first heap   total 112640K, used 88457K [0x0000000700000000, 0x0000000800000000)
  region size 2048K, 13 young (26624K), 1 survivors (2048K)
 Metaspace       used 62393K, committed 63040K, reserved 1114112K
  class space    used 8843K, committed 9152K, reserved 1048576K
}
Event: 27.121 GC heap after
{Heap after GC invocations=21 (full 0):
 garbage-first heap   total 112640K, used 64403K [0x0000000700000000, 0x0000000800000000)
  region size 2048K, 1 young (2048K), 1 survivors (2048K)
 Metaspace       used 62393K, committed 63040K, reserved 1114112K
  class space    used 8843K, committed 9152K, reserved 1048576K
}
Event: 28.517 GC heap before
{Heap before GC invocations=21 (full 0):
 garbage-first heap   total 112640K, used 91027K [0x0000000700000000, 0x0000000800000000)
  region size 2048K, 14 young (28672K), 1 survivors (2048K)
 Metaspace       used 63465K, committed 64192K, reserved 1114112K
  class space    used 9000K, committed 9344K, reserved 1048576K
}
Event: 28.545 GC heap after
{Heap after GC invocations=22 (full 0):
 garbage-first heap   total 112640K, used 67652K [0x0000000700000000, 0x0000000800000000)
  region size 2048K, 2 young (4096K), 2 survivors (4096K)
 Metaspace       used 63465K, committed 64192K, reserved 1114112K
  class space    used 9000K, committed 9344K, reserved 1048576K
}

